# JRE version: OpenJDK Runtime Environment (8.0_212-b04) (build 1.8.0_212-release-1586-b04)
# Java VM: OpenJDK 64-Bit Server VM (25.212-b04 mixed mode windows-amd64 compressed oops)
Heap:
 PSYoungGen      total 177664K, used 70782K [0x00000000e0000000, 0x00000000ec800000, 0x0000000100000000)
  eden space 161280K, 33% used [0x00000000e0000000,0x00000000e35211f8,0x00000000e9d80000)
  from space 16384K, 99% used [0x00000000e9d80000,0x00000000ead7e9a0,0x00000000ead80000)
  to   space 16384K, 0% used [0x00000000ead80000,0x00000000ead80000,0x00000000ebd80000)
 ParOldGen       total 135680K, used 35477K [0x00000000a0000000, 0x00000000a8480000, 0x00000000e0000000)
  object space 135680K, 26% used [0x00000000a0000000,0x00000000a22a5798,0x00000000a8480000)
 Metaspace       used 63172K, capacity 65316K, committed 65624K, reserved 1105920K
  class space    used 8524K, capacity 8989K, committed 9048K, reserved 1048576K
GC Heap History (10 events):
Event: 19.070 GC heap before
{Heap before GC invocations=12 (full 2):
 PSYoungGen      total 112128K, used 100352K [0x00000000e0000000, 0x00000000e9b00000, 0x0000000100000000)
  eden space 100352K, 100% used [0x00000000e0000000,0x00000000e6200000,0x00000000e6200000)
  from space 11776K, 0% used [0x00000000e6200000,0x00000000e6200000,0x00000000e6d80000)
  to   space 12800K, 0% used [0x00000000e8e80000,0x00000000e8e80000,0x00000000e9b00000)
 ParOldGen       total 92672K, used 17092K [0x00000000a0000000, 0x00000000a5a80000, 0x00000000e0000000)
  object space 92672K, 18% used [0x00000000a0000000,0x00000000a10b12a8,0x00000000a5a80000)
 Metaspace       used 44782K, capacity 45856K, committed 46080K, reserved 1089536K
  class space    used 6023K, capacity 6318K, committed 6400K, reserved 1048576K
Event: 19.089 GC heap after
Heap after GC invocations=12 (full 2):
 PSYoungGen      total 139264K, used 12774K [0x00000000e0000000, 0x00000000e9b00000, 0x0000000100000000)
  eden space 126464K, 0% used [0x00000000e0000000,0x00000000e0000000,0x00000000e7b80000)
  from space 12800K, 99% used [0x00000000e8e80000,0x00000000e9af9890,0x00000000e9b00000)
  to   space 14848K, 0% used [0x00000000e7e00000,0x00000000e7e00000,0x00000000e8c80000)
 ParOldGen       total 92672K, used 18458K [0x00000000a0000000, 0x00000000a5a80000, 0x00000000e0000000)
  object space 92672K, 19% used [0x00000000a0000000,0x00000000a1206b30,0x00000000a5a80000)
 Metaspace       used 44782K, capacity 45856K, committed 46080K, reserved 1089536K
  class space    used 6023K, capacity 6318K, committed 6400K, reserved 1048576K
}
Event: 22.684 GC heap before
{Heap before GC invocations=13 (full 2):
 PSYoungGen      total 139264K, used 139238K [0x00000000e0000000, 0x00000000e9b00000, 0x0000000100000000)
  eden space 126464K, 100% used [0x00000000e0000000,0x00000000e7b80000,0x00000000e7b80000)
  from space 12800K, 99% used [0x00000000e8e80000,0x00000000e9af9890,0x00000000e9b00000)
  to   space 14848K, 0% used [0x00000000e7e00000,0x00000000e7e00000,0x00000000e8c80000)
 ParOldGen       total 92672K, used 18458K [0x00000000a0000000, 0x00000000a5a80000, 0x00000000e0000000)
  object space 92672K, 19% used [0x00000000a0000000,0x00000000a1206b30,0x00000000a5a80000)
 Metaspace       used 55481K, capacity 57226K, committed 57472K, reserved 1099776K
  class space    used 7641K, capacity 8040K, committed 8064K, reserved 1048576K
Event: 22.726 GC heap after
Heap after GC invocations=13 (full 2):
 PSYoungGen      total 143872K, used 14365K [0x00000000e0000000, 0x00000000ebd80000, 0x0000000100000000)
  eden space 129024K, 0% used [0x00000000e0000000,0x00000000e0000000,0x00000000e7e00000)
  from space 14848K, 96% used [0x00000000e7e00000,0x00000000e8c076c0,0x00000000e8c80000)
  to   space 16384K, 0% used [0x00000000ead80000,0x00000000ead80000,0x00000000ebd80000)
 ParOldGen       total 92672K, used 24422K [0x00000000a0000000, 0x00000000a5a80000, 0x00000000e0000000)
  object space 92672K, 26% used [0x00000000a0000000,0x00000000a17d9b68,0x00000000a5a80000)
 Metaspace       used 55481K, capacity 57226K, committed 57472K, reserved 1099776K
  class space    used 7641K, capacity 8040K, committed 8064K, reserved 1048576K
}
Event: 24.131 GC heap before
{Heap before GC invocations=14 (full 2):
 PSYoungGen      total 143872K, used 48480K [0x00000000e0000000, 0x00000000ebd80000, 0x0000000100000000)
  eden space 129024K, 26% used [0x00000000e0000000,0x00000000e2150960,0x00000000e7e00000)
  from space 14848K, 96% used [0x00000000e7e00000,0x00000000e8c076c0,0x00000000e8c80000)
  to   space 16384K, 0% used [0x00000000ead80000,0x00000000ead80000,0x00000000ebd80000)
 ParOldGen       total 92672K, used 24422K [0x00000000a0000000, 0x00000000a5a80000, 0x00000000e0000000)
  object space 92672K, 26% used [0x00000000a0000000,0x00000000a17d9b68,0x00000000a5a80000)
 Metaspace       used 57195K, capacity 59048K, committed 59096K, reserved 1099776K
  class space    used 7914K, capacity 8371K, committed 8408K, reserved 1048576K
Event: 24.169 GC heap after
Heap after GC invocations=14 (full 2):
 PSYoungGen      total 177664K, used 11140K [0x00000000e0000000, 0x00000000ec800000, 0x0000000100000000)
  eden space 161280K, 0% used [0x00000000e0000000,0x00000000e0000000,0x00000000e9d80000)
  from space 16384K, 67% used [0x00000000ead80000,0x00000000eb8611c0,0x00000000ebd80000)
  to   space 16384K, 0% used [0x00000000e9d80000,0x00000000e9d80000,0x00000000ead80000)
 ParOldGen       total 92672K, used 24430K [0x00000000a0000000, 0x00000000a5a80000, 0x00000000e0000000)
  object space 92672K, 26% used [0x00000000a0000000,0x00000000a17dbb68,0x00000000a5a80000)
 Metaspace       used 57195K, capacity 59048K, committed 59096K, reserved 1099776K
  class space    used 7914K, capacity 8371K, committed 8408K, reserved 1048576K
}
Event: 24.169 GC heap before
{Heap before GC invocations=15 (full 3):
 PSYoungGen      total 177664K, used 11140K [0x00000000e0000000, 0x00000000ec800000, 0x0000000100000000)
  eden space 161280K, 0% used [0x00000000e0000000,0x00000000e0000000,0x00000000e9d80000)
  from space 16384K, 67% used [0x00000000ead80000,0x00000000eb8611c0,0x00000000ebd80000)
  to   space 16384K, 0% used [0x00000000e9d80000,0x00000000e9d80000,0x00000000ead80000)
 ParOldGen       total 92672K, used 24430K [0x00000000a0000000, 0x00000000a5a80000, 0x00000000e0000000)
  object space 92672K, 26% used [0x00000000a0000000,0x00000000a17dbb68,0x00000000a5a80000)
 Metaspace       used 57195K, capacity 59048K, committed 59096K, reserved 1099776K
  class space    used 7914K, capacity 8371K, committed 8408K, reserved 1048576K
Event: 24.665 GC heap after
Heap after GC invocations=15 (full 3):
 PSYoungGen      total 177664K, used 0K [0x00000000e0000000, 0x00000000ec800000, 0x0000000100000000)
  eden space 161280K, 0% used [0x00000000e0000000,0x00000000e0000000,0x00000000e9d80000)
  from space 16384K, 0% used [0x00000000ead80000,0x00000000ead80000,0x00000000ebd80000)
  to   space 16384K, 0% used [0x00000000e9d80000,0x00000000e9d80000,0x00000000ead80000)
 ParOldGen       total 135680K, used 31190K [0x00000000a0000000, 0x00000000a8480000, 0x00000000e0000000)
  object space 135680K, 22% used [0x00000000a0000000,0x00000000a1e75a80,0x00000000a8480000)
 Metaspace       used 57154K, capacity 58934K, committed 59096K, reserved 1099776K
  class space    used 7901K, capacity 8348K, committed 8408K, reserved 1048576K
}
Event: 31.878 GC heap before
{Heap before GC invocations=16 (full 3):
 PSYoungGen      total 177664K, used 160502K [0x00000000e0000000, 0x00000000ec800000, 0x0000000100000000)
  eden space 161280K, 99% used [0x00000000e0000000,0x00000000e9cbdac0,0x00000000e9d80000)
  from space 16384K, 0% used [0x00000000ead80000,0x00000000ead80000,0x00000000ebd80000)
  to   space 16384K, 0% used [0x00000000e9d80000,0x00000000e9d80000,0x00000000ead80000)
 ParOldGen       total 135680K, used 31190K [0x00000000a0000000, 0x00000000a8480000, 0x00000000e0000000)
  object space 135680K, 22% used [0x00000000a0000000,0x00000000a1e75a80,0x00000000a8480000)
 Metaspace       used 60732K, capacity 62804K, committed 63064K, reserved 1103872K
  class space    used 8272K, capacity 8745K, committed 8792K, reserved 1048576K
Event: 31.921 GC heap after
Heap after GC invocations=16 (full 3):
 PSYoungGen      total 177664K, used 16378K [0x00000000e0000000, 0x00000000ec800000, 0x0000000100000000)
  eden space 161280K, 0% used [0x00000000e0000000,0x00000000e0000000,0x00000000e9d80000)
  from space 16384K, 99% used [0x00000000e9d80000,0x00000000ead7e9a0,0x00000000ead80000)
  to   space 16384K, 0% used [0x00000000ead80000,0x00000000ead80000,0x00000000ebd80000)
 ParOldGen       total 135680K, used 35477K [0x00000000a0000000, 0x00000000a8480000, 0x00000000e0000000)
  object space 135680K, 26% used [0x00000000a0000000,0x00000000a22a5798,0x00000000a8480000)
 Metaspace       used 60732K, capacity 62804K, committed 63064K, reserved 1103872K
  class space    used 8272K, capacity 8745K, committed 8792K, reserved 1048576K
}

