# JRE version: OpenJDK Runtime Environment (8.0_212-b04) (build 1.8.0_212-release-1586-b04)
# Java VM: OpenJDK 64-Bit Server VM (25.212-b04 mixed mode windows-amd64 compressed oops)
Heap:
 PSYoungGen      total 174592K, used 99714K [0x00000000e0000000, 0x00000000ed480000, 0x0000000100000000)
  eden space 152064K, 50% used [0x00000000e0000000,0x00000000e4b62a58,0x00000000e9480000)
  from space 22528K, 99% used [0x00000000ebe80000,0x00000000ed47e0c0,0x00000000ed480000)
  to   space 26624K, 0% used [0x00000000ea080000,0x00000000ea080000,0x00000000eba80000)
 ParOldGen       total 117248K, used 45190K [0x00000000a0000000, 0x00000000a7280000, 0x00000000e0000000)
  object space 117248K, 38% used [0x00000000a0000000,0x00000000a2c21978,0x00000000a7280000)
 Metaspace       used 80381K, capacity 83716K, committed 83992K, reserved 1122304K
  class space    used 10450K, capacity 11216K, committed 11304K, reserved 1048576K
GC Heap History (10 events):
Event: 28.349 GC heap before
{Heap before GC invocations=17 (full 3):
 PSYoungGen      total 150528K, used 4613K [0x00000000e0000000, 0x00000000ec100000, 0x0000000100000000)
  eden space 134144K, 0% used [0x00000000e0000000,0x00000000e0000000,0x00000000e8300000)
  from space 16384K, 28% used [0x00000000e9300000,0x00000000e97817d8,0x00000000ea300000)
  to   space 16384K, 0% used [0x00000000e8300000,0x00000000e8300000,0x00000000e9300000)
 ParOldGen       total 78336K, used 31837K [0x00000000a0000000, 0x00000000a4c80000, 0x00000000e0000000)
  object space 78336K, 40% used [0x00000000a0000000,0x00000000a1f175d8,0x00000000a4c80000)
 Metaspace       used 57115K, capacity 59062K, committed 59160K, reserved 1099776K
  class space    used 7756K, capacity 8216K, committed 8232K, reserved 1048576K
Event: 28.687 GC heap after
Heap after GC invocations=17 (full 3):
 PSYoungGen      total 150528K, used 0K [0x00000000e0000000, 0x00000000ec100000, 0x0000000100000000)
  eden space 134144K, 0% used [0x00000000e0000000,0x00000000e0000000,0x00000000e8300000)
  from space 16384K, 0% used [0x00000000e9300000,0x00000000e9300000,0x00000000ea300000)
  to   space 16384K, 0% used [0x00000000e8300000,0x00000000e8300000,0x00000000e9300000)
 ParOldGen       total 117248K, used 31792K [0x00000000a0000000, 0x00000000a7280000, 0x00000000e0000000)
  object space 117248K, 27% used [0x00000000a0000000,0x00000000a1f0c068,0x00000000a7280000)
 Metaspace       used 57077K, capacity 58932K, committed 59160K, reserved 1099776K
  class space    used 7745K, capacity 8201K, committed 8232K, reserved 1048576K
}
Event: 30.981 GC heap before
{Heap before GC invocations=18 (full 3):
 PSYoungGen      total 150528K, used 134144K [0x00000000e0000000, 0x00000000ec100000, 0x0000000100000000)
  eden space 134144K, 100% used [0x00000000e0000000,0x00000000e8300000,0x00000000e8300000)
  from space 16384K, 0% used [0x00000000e9300000,0x00000000e9300000,0x00000000ea300000)
  to   space 16384K, 0% used [0x00000000e8300000,0x00000000e8300000,0x00000000e9300000)
 ParOldGen       total 117248K, used 31792K [0x00000000a0000000, 0x00000000a7280000, 0x00000000e0000000)
  object space 117248K, 27% used [0x00000000a0000000,0x00000000a1f0c068,0x00000000a7280000)
 Metaspace       used 62940K, capacity 65050K, committed 65304K, reserved 1105920K
  class space    used 8650K, capacity 9152K, committed 9256K, reserved 1048576K
Event: 30.995 GC heap after
Heap after GC invocations=18 (full 3):
 PSYoungGen      total 150528K, used 11510K [0x00000000e0000000, 0x00000000ebe00000, 0x0000000100000000)
  eden space 134144K, 0% used [0x00000000e0000000,0x00000000e0000000,0x00000000e8300000)
  from space 16384K, 70% used [0x00000000e8300000,0x00000000e8e3dbc0,0x00000000e9300000)
  to   space 16896K, 0% used [0x00000000ead80000,0x00000000ead80000,0x00000000ebe00000)
 ParOldGen       total 117248K, used 31800K [0x00000000a0000000, 0x00000000a7280000, 0x00000000e0000000)
  object space 117248K, 27% used [0x00000000a0000000,0x00000000a1f0e068,0x00000000a7280000)
 Metaspace       used 62940K, capacity 65050K, committed 65304K, reserved 1105920K
  class space    used 8650K, capacity 9152K, committed 9256K, reserved 1048576K
}
Event: 35.718 GC heap before
{Heap before GC invocations=19 (full 3):
 PSYoungGen      total 150528K, used 145654K [0x00000000e0000000, 0x00000000ebe00000, 0x0000000100000000)
  eden space 134144K, 100% used [0x00000000e0000000,0x00000000e8300000,0x00000000e8300000)
  from space 16384K, 70% used [0x00000000e8300000,0x00000000e8e3dbc0,0x00000000e9300000)
  to   space 16896K, 0% used [0x00000000ead80000,0x00000000ead80000,0x00000000ebe00000)
 ParOldGen       total 117248K, used 31800K [0x00000000a0000000, 0x00000000a7280000, 0x00000000e0000000)
  object space 117248K, 27% used [0x00000000a0000000,0x00000000a1f0e068,0x00000000a7280000)
 Metaspace       used 70155K, capacity 72670K, committed 72856K, reserved 1112064K
  class space    used 9524K, capacity 10074K, committed 10152K, reserved 1048576K
Event: 35.753 GC heap after
Heap after GC invocations=19 (full 3):
 PSYoungGen      total 174080K, used 16876K [0x00000000e0000000, 0x00000000ec280000, 0x0000000100000000)
  eden space 157184K, 0% used [0x00000000e0000000,0x00000000e0000000,0x00000000e9980000)
  from space 16896K, 99% used [0x00000000ead80000,0x00000000ebdfb228,0x00000000ebe00000)
  to   space 20480K, 0% used [0x00000000e9980000,0x00000000e9980000,0x00000000ead80000)
 ParOldGen       total 117248K, used 34870K [0x00000000a0000000, 0x00000000a7280000, 0x00000000e0000000)
  object space 117248K, 29% used [0x00000000a0000000,0x00000000a220d828,0x00000000a7280000)
 Metaspace       used 70155K, capacity 72670K, committed 72856K, reserved 1112064K
  class space    used 9524K, capacity 10074K, committed 10152K, reserved 1048576K
}
Event: 5301.163 GC heap before
{Heap before GC invocations=20 (full 3):
 PSYoungGen      total 174080K, used 174060K [0x00000000e0000000, 0x00000000ec280000, 0x0000000100000000)
  eden space 157184K, 100% used [0x00000000e0000000,0x00000000e9980000,0x00000000e9980000)
  from space 16896K, 99% used [0x00000000ead80000,0x00000000ebdfb228,0x00000000ebe00000)
  to   space 20480K, 0% used [0x00000000e9980000,0x00000000e9980000,0x00000000ead80000)
 ParOldGen       total 117248K, used 34870K [0x00000000a0000000, 0x00000000a7280000, 0x00000000e0000000)
  object space 117248K, 29% used [0x00000000a0000000,0x00000000a220d828,0x00000000a7280000)
 Metaspace       used 76625K, capacity 79762K, committed 79896K, reserved 1118208K
  class space    used 10065K, capacity 10757K, committed 10792K, reserved 1048576K
Event: 5302.585 GC heap after
Heap after GC invocations=20 (full 3):
 PSYoungGen      total 177664K, used 17122K [0x00000000e0000000, 0x00000000ed480000, 0x0000000100000000)
  eden space 157184K, 0% used [0x00000000e0000000,0x00000000e0000000,0x00000000e9980000)
  from space 20480K, 83% used [0x00000000e9980000,0x00000000eaa38b28,0x00000000ead80000)
  to   space 22528K, 0% used [0x00000000ebe80000,0x00000000ebe80000,0x00000000ed480000)
 ParOldGen       total 117248K, used 42510K [0x00000000a0000000, 0x00000000a7280000, 0x00000000e0000000)
  object space 117248K, 36% used [0x00000000a0000000,0x00000000a29838f8,0x00000000a7280000)
 Metaspace       used 76625K, capacity 79762K, committed 79896K, reserved 1118208K
  class space    used 10065K, capacity 10757K, committed 10792K, reserved 1048576K
}
Event: 5313.620 GC heap before
{Heap before GC invocations=21 (full 3):
 PSYoungGen      total 177664K, used 174306K [0x00000000e0000000, 0x00000000ed480000, 0x0000000100000000)
  eden space 157184K, 100% used [0x00000000e0000000,0x00000000e9980000,0x00000000e9980000)
  from space 20480K, 83% used [0x00000000e9980000,0x00000000eaa38b28,0x00000000ead80000)
  to   space 22528K, 0% used [0x00000000ebe80000,0x00000000ebe80000,0x00000000ed480000)
 ParOldGen       total 117248K, used 42510K [0x00000000a0000000, 0x00000000a7280000, 0x00000000e0000000)
  object space 117248K, 36% used [0x00000000a0000000,0x00000000a29838f8,0x00000000a7280000)
 Metaspace       used 79770K, capacity 82938K, committed 83096K, reserved 1122304K
  class space    used 10400K, capacity 11135K, committed 11176K, reserved 1048576K
Event: 5313.675 GC heap after
Heap after GC invocations=21 (full 3):
 PSYoungGen      total 174592K, used 22520K [0x00000000e0000000, 0x00000000ed480000, 0x0000000100000000)
  eden space 152064K, 0% used [0x00000000e0000000,0x00000000e0000000,0x00000000e9480000)
  from space 22528K, 99% used [0x00000000ebe80000,0x00000000ed47e0c0,0x00000000ed480000)
  to   space 26624K, 0% used [0x00000000ea080000,0x00000000ea080000,0x00000000eba80000)
 ParOldGen       total 117248K, used 45190K [0x00000000a0000000, 0x00000000a7280000, 0x00000000e0000000)
  object space 117248K, 38% used [0x00000000a0000000,0x00000000a2c21978,0x00000000a7280000)
 Metaspace       used 79770K, capacity 82938K, committed 83096K, reserved 1122304K
  class space    used 10400K, capacity 11135K, committed 11176K, reserved 1048576K
}

