# JRE version: OpenJDK Runtime Environment (8.0_212-b04) (build 1.8.0_212-release-1586-b04)
# Java VM: OpenJDK 64-Bit Server VM (25.212-b04 mixed mode windows-amd64 compressed oops)
Heap:
 PSYoungGen      total 396800K, used 254745K [0x00000000e0000000, 0x00000000fa600000, 0x0000000100000000)
  eden space 373248K, 68% used [0x00000000e0000000,0x00000000ef8c67d8,0x00000000f6c80000)
  from space 23552K, 0% used [0x00000000f8480000,0x00000000f8480000,0x00000000f9b80000)
  to   space 24576K, 0% used [0x00000000f6c80000,0x00000000f6c80000,0x00000000f8480000)
 ParOldGen       total 88576K, used 30526K [0x00000000a0000000, 0x00000000a5680000, 0x00000000e0000000)
  object space 88576K, 34% used [0x00000000a0000000,0x00000000a1dcfa10,0x00000000a5680000)
 Metaspace       used 63363K, capacity 65558K, committed 65664K, reserved 1105920K
  class space    used 8555K, capacity 9046K, committed 9088K, reserved 1048576K
GC Heap History (10 events):
Event: 22.112 GC heap before
{Heap before GC invocations=9 (full 1):
 PSYoungGen      total 143872K, used 74432K [0x00000000e0000000, 0x00000000f1500000, 0x0000000100000000)
  eden space 131072K, 47% used [0x00000000e0000000,0x00000000e3c47638,0x00000000e8000000)
  from space 12800K, 99% used [0x00000000e8000000,0x00000000e8c689f0,0x00000000e8c80000)
  to   space 14848K, 0% used [0x00000000f0680000,0x00000000f0680000,0x00000000f1500000)
 ParOldGen       total 48640K, used 7231K [0x00000000a0000000, 0x00000000a2f80000, 0x00000000e0000000)
  object space 48640K, 14% used [0x00000000a0000000,0x00000000a070fcb8,0x00000000a2f80000)
 Metaspace       used 34667K, capacity 35426K, committed 35496K, reserved 1079296K
  class space    used 4751K, capacity 4960K, committed 4992K, reserved 1048576K
Event: 22.124 GC heap after
Heap after GC invocations=9 (full 1):
 PSYoungGen      total 265728K, used 10136K [0x00000000e0000000, 0x00000000f1400000, 0x0000000100000000)
  eden space 251904K, 0% used [0x00000000e0000000,0x00000000e0000000,0x00000000ef600000)
  from space 13824K, 73% used [0x00000000f0680000,0x00000000f10661b0,0x00000000f1400000)
  to   space 15360K, 0% used [0x00000000ef600000,0x00000000ef600000,0x00000000f0500000)
 ParOldGen       total 48640K, used 7239K [0x00000000a0000000, 0x00000000a2f80000, 0x00000000e0000000)
  object space 48640K, 14% used [0x00000000a0000000,0x00000000a0711cb8,0x00000000a2f80000)
 Metaspace       used 34667K, capacity 35426K, committed 35496K, reserved 1079296K
  class space    used 4751K, capacity 4960K, committed 4992K, reserved 1048576K
}
Event: 22.124 GC heap before
{Heap before GC invocations=10 (full 2):
 PSYoungGen      total 265728K, used 10136K [0x00000000e0000000, 0x00000000f1400000, 0x0000000100000000)
  eden space 251904K, 0% used [0x00000000e0000000,0x00000000e0000000,0x00000000ef600000)
  from space 13824K, 73% used [0x00000000f0680000,0x00000000f10661b0,0x00000000f1400000)
  to   space 15360K, 0% used [0x00000000ef600000,0x00000000ef600000,0x00000000f0500000)
 ParOldGen       total 48640K, used 7239K [0x00000000a0000000, 0x00000000a2f80000, 0x00000000e0000000)
  object space 48640K, 14% used [0x00000000a0000000,0x00000000a0711cb8,0x00000000a2f80000)
 Metaspace       used 34667K, capacity 35426K, committed 35496K, reserved 1079296K
  class space    used 4751K, capacity 4960K, committed 4992K, reserved 1048576K
Event: 22.259 GC heap after
Heap after GC invocations=10 (full 2):
 PSYoungGen      total 265728K, used 0K [0x00000000e0000000, 0x00000000f1400000, 0x0000000100000000)
  eden space 251904K, 0% used [0x00000000e0000000,0x00000000e0000000,0x00000000ef600000)
  from space 13824K, 0% used [0x00000000f0680000,0x00000000f0680000,0x00000000f1400000)
  to   space 15360K, 0% used [0x00000000ef600000,0x00000000ef600000,0x00000000f0500000)
 ParOldGen       total 63488K, used 16883K [0x00000000a0000000, 0x00000000a3e00000, 0x00000000e0000000)
  object space 63488K, 26% used [0x00000000a0000000,0x00000000a107cf80,0x00000000a3e00000)
 Metaspace       used 34663K, capacity 35414K, committed 35496K, reserved 1079296K
  class space    used 4750K, capacity 4958K, committed 4992K, reserved 1048576K
}
Event: 31.662 GC heap before
{Heap before GC invocations=11 (full 2):
 PSYoungGen      total 265728K, used 251904K [0x00000000e0000000, 0x00000000f1400000, 0x0000000100000000)
  eden space 251904K, 100% used [0x00000000e0000000,0x00000000ef600000,0x00000000ef600000)
  from space 13824K, 0% used [0x00000000f0680000,0x00000000f0680000,0x00000000f1400000)
  to   space 15360K, 0% used [0x00000000ef600000,0x00000000ef600000,0x00000000f0500000)
 ParOldGen       total 63488K, used 16883K [0x00000000a0000000, 0x00000000a3e00000, 0x00000000e0000000)
  object space 63488K, 26% used [0x00000000a0000000,0x00000000a107cf80,0x00000000a3e00000)
 Metaspace       used 56540K, capacity 58306K, committed 58496K, reserved 1099776K
  class space    used 7784K, capacity 8194K, committed 8320K, reserved 1048576K
Event: 31.723 GC heap after
Heap after GC invocations=11 (full 2):
 PSYoungGen      total 267264K, used 15356K [0x00000000e0000000, 0x00000000f9b80000, 0x0000000100000000)
  eden space 251904K, 0% used [0x00000000e0000000,0x00000000e0000000,0x00000000ef600000)
  from space 15360K, 99% used [0x00000000ef600000,0x00000000f04ff330,0x00000000f0500000)
  to   space 23552K, 0% used [0x00000000f8480000,0x00000000f8480000,0x00000000f9b80000)
 ParOldGen       total 63488K, used 31583K [0x00000000a0000000, 0x00000000a3e00000, 0x00000000e0000000)
  object space 63488K, 49% used [0x00000000a0000000,0x00000000a1ed7d00,0x00000000a3e00000)
 Metaspace       used 56540K, capacity 58306K, committed 58496K, reserved 1099776K
  class space    used 7784K, capacity 8194K, committed 8320K, reserved 1048576K
}
Event: 31.997 GC heap before
{Heap before GC invocations=12 (full 2):
 PSYoungGen      total 267264K, used 26467K [0x00000000e0000000, 0x00000000f9b80000, 0x0000000100000000)
  eden space 251904K, 4% used [0x00000000e0000000,0x00000000e0ad9920,0x00000000ef600000)
  from space 15360K, 99% used [0x00000000ef600000,0x00000000f04ff330,0x00000000f0500000)
  to   space 23552K, 0% used [0x00000000f8480000,0x00000000f8480000,0x00000000f9b80000)
 ParOldGen       total 63488K, used 31583K [0x00000000a0000000, 0x00000000a3e00000, 0x00000000e0000000)
  object space 63488K, 49% used [0x00000000a0000000,0x00000000a1ed7d00,0x00000000a3e00000)
 Metaspace       used 57133K, capacity 59064K, committed 59160K, reserved 1099776K
  class space    used 7899K, capacity 8353K, committed 8448K, reserved 1048576K
Event: 32.035 GC heap after
Heap after GC invocations=12 (full 2):
 PSYoungGen      total 396800K, used 16300K [0x00000000e0000000, 0x00000000fa600000, 0x0000000100000000)
  eden space 373248K, 0% used [0x00000000e0000000,0x00000000e0000000,0x00000000f6c80000)
  from space 23552K, 69% used [0x00000000f8480000,0x00000000f946b330,0x00000000f9b80000)
  to   space 24576K, 0% used [0x00000000f6c80000,0x00000000f6c80000,0x00000000f8480000)
 ParOldGen       total 63488K, used 31655K [0x00000000a0000000, 0x00000000a3e00000, 0x00000000e0000000)
  object space 63488K, 49% used [0x00000000a0000000,0x00000000a1ee9d10,0x00000000a3e00000)
 Metaspace       used 57133K, capacity 59064K, committed 59160K, reserved 1099776K
  class space    used 7899K, capacity 8353K, committed 8448K, reserved 1048576K
}
Event: 32.035 GC heap before
{Heap before GC invocations=13 (full 3):
 PSYoungGen      total 396800K, used 16300K [0x00000000e0000000, 0x00000000fa600000, 0x0000000100000000)
  eden space 373248K, 0% used [0x00000000e0000000,0x00000000e0000000,0x00000000f6c80000)
  from space 23552K, 69% used [0x00000000f8480000,0x00000000f946b330,0x00000000f9b80000)
  to   space 24576K, 0% used [0x00000000f6c80000,0x00000000f6c80000,0x00000000f8480000)
 ParOldGen       total 63488K, used 31655K [0x00000000a0000000, 0x00000000a3e00000, 0x00000000e0000000)
  object space 63488K, 49% used [0x00000000a0000000,0x00000000a1ee9d10,0x00000000a3e00000)
 Metaspace       used 57133K, capacity 59064K, committed 59160K, reserved 1099776K
  class space    used 7899K, capacity 8353K, committed 8448K, reserved 1048576K
Event: 32.497 GC heap after
Heap after GC invocations=13 (full 3):
 PSYoungGen      total 396800K, used 0K [0x00000000e0000000, 0x00000000fa600000, 0x0000000100000000)
  eden space 373248K, 0% used [0x00000000e0000000,0x00000000e0000000,0x00000000f6c80000)
  from space 23552K, 0% used [0x00000000f8480000,0x00000000f8480000,0x00000000f9b80000)
  to   space 24576K, 0% used [0x00000000f6c80000,0x00000000f6c80000,0x00000000f8480000)
 ParOldGen       total 88576K, used 30526K [0x00000000a0000000, 0x00000000a5680000, 0x00000000e0000000)
  object space 88576K, 34% used [0x00000000a0000000,0x00000000a1dcfa10,0x00000000a5680000)
 Metaspace       used 57063K, capacity 58884K, committed 59160K, reserved 1099776K
  class space    used 7877K, capacity 8313K, committed 8448K, reserved 1048576K
}

